cmd/android/build/android/build/intermediates/manifest_merge_blame_file/release/manifest-merger-blame-release-report.txt
1<?xml version="1.0" encoding="utf-8"?>
2<manifest xmlns:android="http://schemas.android.com/apk/res/android"
3    package="br.wandendourado.legiao"
4    android:versionCode="2"
5    android:versionName="1.0.1" >
6
7    <uses-sdk
7-->build\android\AndroidManifest.xml:6:5-74
8        android:minSdkVersion="21"
8-->build\android\AndroidManifest.xml:6:15-41
9        android:targetSdkVersion="35" />
9-->build\android\AndroidManifest.xml:6:42-71
10
11    <uses-feature
11-->build\android\AndroidManifest.xml:7:5-78
12        android:glEsVersion="0x00020000"
12-->build\android\AndroidManifest.xml:7:19-51
13        android:required="true" />
13-->build\android\AndroidManifest.xml:7:52-75
14
15    <!-- We do not have Java code. Therefore android:hasCode is set to false. -->
16    <application
16-->build\android\AndroidManifest.xml:10:5-30:19
17        android:allowBackup="false"
17-->build\android\AndroidManifest.xml:10:18-45
18        android:extractNativeLibs="true"
19        android:hasCode="false"
19-->build\android\AndroidManifest.xml:10:46-69
20        android:icon="@drawable/icon"
20-->build\android\AndroidManifest.xml:12:17-46
21        android:label="@string/app_name"
21-->build\android\AndroidManifest.xml:11:17-49
22        android:theme="@android:style/Theme.Holo.NoActionBar.Fullscreen" >
22-->build\android\AndroidManifest.xml:13:17-81
23
24        <!-- Our activity is the built-in NativeActivity framework class. -->
25        <activity
25-->build\android\AndroidManifest.xml:16:9-28:20
26            android:name="android.app.NativeActivity"
26-->build\android\AndroidManifest.xml:16:19-60
27            android:clearTaskOnLaunch="true"
27-->build\android\AndroidManifest.xml:20:17-49
28            android:configChanges="orientation|keyboardHidden|screenSize"
28-->build\android\AndroidManifest.xml:18:17-78
29            android:exported="true"
29-->build\android\AndroidManifest.xml:17:17-40
30            android:screenOrientation="landscape" >
30-->build\android\AndroidManifest.xml:19:17-54
31
32            <!-- Tell NativeActivity the name of our .so -->
33            <meta-data
33-->build\android\AndroidManifest.xml:23:13-85
34                android:name="android.app.lib_name"
34-->build\android\AndroidManifest.xml:23:24-59
35                android:value="legiao" />
35-->build\android\AndroidManifest.xml:23:60-82
36
37            <intent-filter>
37-->build\android\AndroidManifest.xml:24:13-27:29
38                <action android:name="android.intent.action.MAIN" />
38-->build\android\AndroidManifest.xml:25:17-69
38-->build\android\AndroidManifest.xml:25:25-66
39
40                <category android:name="android.intent.category.LAUNCHER" />
40-->build\android\AndroidManifest.xml:26:17-77
40-->build\android\AndroidManifest.xml:26:27-74
41            </intent-filter>
42        </activity>
43    </application>
44
45</manifest>